<?xml version="1.0" encoding="UTF-8"?>
<!-- Generated by org.testng.reporters.JUnitXMLReporter -->
<testsuite ignored="0" hostname="IN2-NOINB-ABBI" failures="0" tests="6" name="Default test" time="78.606" errors="0" timestamp="2023-09-27T16:51:17 IST">
  <testcase classname="com.iprovision.CredentialProfiles.AddNewCredentialProfileWithCredentialSetTest" name="addNewCredentialSet" time="22.081"/>
  <testcase classname="com.iprovision.CredentialProfiles.AddNewCredentialProfileWithCredentialSetTest" name="updateCredentialSet" time="6.795"/>
  <testcase classname="com.iprovision.CredentialProfiles.AddNewCredentialProfileWithCredentialSetTest" name="addNewCredentialProfile" time="7.543"/>
  <testcase classname="com.iprovision.CredentialProfiles.AddNewCredentialProfileWithCredentialSetTest" name="updateCredentialProfile" time="6.671"/>
  <testcase classname="com.iprovision.CredentialProfiles.AddNewCredentialProfileWithCredentialSetTest" name="deleteCredentialProfile" time="6.243"/>
  <testcase classname="com.iprovision.CredentialProfiles.AddNewCredentialProfileWithCredentialSetTest" name="deleteCredentialSet" time="6.798"/>
</testsuite> <!-- Default test -->
